C:\Program Files (x86)\Microsoft Visual Studio\2019\Community\MSBuild\Microsoft\VC\v160\Microsoft.CppBuild.targets(513,5): warning MSB8028: 中间目录(Debug\)包含从另一个项目(Tavern Wargame.vcxproj)共享的文件。   这会导致错误的清除和重新生成行为。
  Character.cpp
  GameCore.cpp
  Please define _WIN32_WINNT or _WIN32_WINDOWS appropriately. For example:
  - add -D_WIN32_WINNT=0x0601 to the compiler command line; or
  - add _WIN32_WINNT=0x0601 to your project's Preprocessor Definitions.
  Assuming _WIN32_WINNT=0x0601 (i.e. Windows 7 target).
  Hero.cpp
  main.cpp
  Please define _WIN32_WINNT or _WIN32_WINDOWS appropriately. For example:
  - add -D_WIN32_WINNT=0x0601 to the compiler command line; or
  - add _WIN32_WINNT=0x0601 to your project's Preprocessor Definitions.
  Assuming _WIN32_WINNT=0x0601 (i.e. Windows 7 target).
D:\Githubfile\My_Repository\Tavern Wargame\scs\scs\scs.hpp(197,21): warning C4018: “<”: 有符号/无符号不匹配
D:\Githubfile\My_Repository\Tavern Wargame\scs\scs\scs.hpp(254,22): warning C4018: “<”: 有符号/无符号不匹配
D:\Githubfile\My_Repository\Tavern Wargame\scs\scs\scs.hpp(257,26): warning C4018: “<”: 有符号/无符号不匹配
D:\Githubfile\My_Repository\Tavern Wargame\scs\scs\scs.hpp(478,21): warning C4018: “<”: 有符号/无符号不匹配
D:\Githubfile\My_Repository\Tavern Wargame\scs\scs\scs.hpp(474,14): warning C4101: “tbuf”: 未引用的局部变量
D:\Githubfile\My_Repository\Tavern Wargame\scs\scs\scs.hpp(1129,24): warning C4018: “<”: 有符号/无符号不匹配
D:\Githubfile\My_Repository\Tavern Wargame\scs\scs\scs.hpp(1301,25): warning C4018: “<”: 有符号/无符号不匹配
D:\Githubfile\My_Repository\Tavern Wargame\scs\scs\scs.hpp(1319,27): warning C4018: “<”: 有符号/无符号不匹配
D:\Githubfile\My_Repository\Tavern Wargame\scs\scs\scs.hpp(1406,23): warning C4018: “<”: 有符号/无符号不匹配
D:\Githubfile\My_Repository\Tavern Wargame\scs\scs\scs.hpp(1434,23): warning C4018: “<”: 有符号/无符号不匹配
D:\Githubfile\My_Repository\Tavern Wargame\scs\scs\scs.hpp(1454,23): warning C4018: “<”: 有符号/无符号不匹配
D:\Githubfile\My_Repository\Tavern Wargame\scs\scs\scs.hpp(1482,24): warning C4018: “<”: 有符号/无符号不匹配
  正在生成代码...
  Tavern Wargame.vcxproj -> D:\Githubfile\My_Repository\Tavern Wargame\Debug\Tavern Wargame Client.exe
